{"code":"ECONNREFUSED","level":"error","message":"Failed to start server:","stack":"AggregateError [ECONNREFUSED]: \n    at /Users/choyoungpark/CascadeProjects/windsurf-project/newsletter-service/backend/node_modules/pg-pool/index.js:45:11\n    at process.processTicksAndRejections (node:internal/process/task_queues:105:5)\n    at async setupDatabase (/Users/choyoungpark/CascadeProjects/windsurf-project/newsletter-service/backend/src/config/database.js:13:18)\n    at async startServer (/Users/choyoungpark/CascadeProjects/windsurf-project/newsletter-service/backend/src/index.js:33:5)","timestamp":"2025-01-12T05:58:54.699Z"}
{"code":"ECONNREFUSED","level":"error","message":"Failed to start server:","stack":"AggregateError [ECONNREFUSED]: \n    at /Users/choyoungpark/CascadeProjects/windsurf-project/newsletter-service/backend/node_modules/pg-pool/index.js:45:11\n    at process.processTicksAndRejections (node:internal/process/task_queues:105:5)\n    at async setupDatabase (/Users/choyoungpark/CascadeProjects/windsurf-project/newsletter-service/backend/src/config/database.js:13:18)\n    at async startServer (/Users/choyoungpark/CascadeProjects/windsurf-project/newsletter-service/backend/src/index.js:33:5)","timestamp":"2025-01-12T06:02:06.441Z"}
{"code":"ECONNREFUSED","level":"error","message":"Failed to start server:","stack":"AggregateError [ECONNREFUSED]: \n    at /Users/choyoungpark/CascadeProjects/windsurf-project/newsletter-service/backend/node_modules/pg-pool/index.js:45:11\n    at process.processTicksAndRejections (node:internal/process/task_queues:105:5)\n    at async setupDatabase (/Users/choyoungpark/CascadeProjects/windsurf-project/newsletter-service/backend/src/config/database.js:13:18)\n    at async startServer (/Users/choyoungpark/CascadeProjects/windsurf-project/newsletter-service/backend/src/index.js:33:5)","timestamp":"2025-01-12T06:03:24.542Z"}
{"level":"info","message":"Database setup completed successfully","timestamp":"2025-01-12T06:04:06.047Z"}
{"level":"info","message":"Server is running on port 3000","timestamp":"2025-01-12T06:04:06.049Z"}
{"level":"info","message":"Database setup completed successfully","timestamp":"2025-01-12T06:08:06.853Z"}
{"level":"info","message":"Server is running on port 3000","timestamp":"2025-01-12T06:08:06.855Z"}
{"level":"info","message":"Database setup completed successfully","timestamp":"2025-01-12T06:08:21.073Z"}
{"level":"info","message":"Server is running on port 3000","timestamp":"2025-01-12T06:08:21.075Z"}
{"level":"info","message":"Database setup completed successfully","timestamp":"2025-01-12T07:08:29.784Z"}
{"level":"info","message":"Database initialized successfully","timestamp":"2025-01-12T07:25:44.754Z"}
{"level":"info","message":"Database initialized successfully","timestamp":"2025-01-12T07:25:51.154Z"}
{"level":"info","message":"Database initialized successfully","timestamp":"2025-01-12T07:28:01.210Z"}
{"level":"info","message":"Server is running on port 3000","timestamp":"2025-01-12T07:28:01.213Z"}
{"level":"info","message":"Processing article from URL: https://yozm.wishket.com/magazine/detail/2735/","timestamp":"2025-01-12T07:28:25.292Z"}
{"level":"info","message":"Article saved successfully: “기획자는 원래 혼자 성장해야 하나요?” | 요즘IT","timestamp":"2025-01-12T07:28:29.139Z"}
{"level":"info","message":"Database initialized successfully","timestamp":"2025-01-12T07:31:14.305Z"}
{"level":"info","message":"Database initialized successfully","timestamp":"2025-01-12T07:31:14.306Z"}
{"level":"info","message":"Database initialized successfully","timestamp":"2025-01-12T07:31:14.305Z"}
{"level":"info","message":"Server is running on port 3000","timestamp":"2025-01-12T07:31:14.310Z"}
{"level":"info","message":"Deleting article with seq: 1","timestamp":"2025-01-12T07:31:55.389Z"}
{"level":"info","message":"Article deleted successfully: 1","timestamp":"2025-01-12T07:31:55.393Z"}
{"level":"info","message":"Processing article from URL: https://yozm.wishket.com/magazine/detail/2735/","timestamp":"2025-01-12T07:31:58.897Z"}
{"level":"info","message":"Article saved successfully: “기획자는 원래 혼자 성장해야 하나요?” | 요즘IT","timestamp":"2025-01-12T07:32:02.367Z"}
{"level":"info","message":"Processing article from URL: https://www.zdnet.co.kr/view/?no=20240112134903","timestamp":"2025-01-12T07:33:36.626Z"}
{"level":"info","message":"Article saved successfully: IT세상을 바꾸는 힘 지디넷코리아","timestamp":"2025-01-12T07:33:40.079Z"}
{"level":"info","message":"Deleting article with seq: 3","timestamp":"2025-01-12T07:34:31.521Z"}
{"level":"info","message":"Article deleted successfully: 3","timestamp":"2025-01-12T07:34:31.525Z"}
{"level":"info","message":"Deleting article with seq: 2","timestamp":"2025-01-12T07:34:33.835Z"}
{"level":"info","message":"Article deleted successfully: 2","timestamp":"2025-01-12T07:34:33.838Z"}
{"level":"info","message":"Database initialized successfully","timestamp":"2025-01-12T07:35:34.682Z"}
{"level":"info","message":"Database initialized successfully","timestamp":"2025-01-12T07:35:34.682Z"}
{"level":"info","message":"Database initialized successfully","timestamp":"2025-01-12T07:35:34.682Z"}
{"level":"info","message":"Server is running on port 3000","timestamp":"2025-01-12T07:35:34.684Z"}
{"level":"info","message":"Processing article from URL: https://yozm.wishket.com/magazine/detail/2735/","timestamp":"2025-01-12T07:37:13.000Z"}
{"level":"info","message":"Article saved successfully: “기획자는 원래 혼자 성장해야 하나요?” | 요즘IT","timestamp":"2025-01-12T07:37:16.739Z"}
{"level":"info","message":"Database initialized successfully","timestamp":"2025-01-12T07:39:35.699Z"}
{"level":"info","message":"Database initialized successfully","timestamp":"2025-01-12T07:39:35.698Z"}
{"level":"info","message":"Database initialized successfully","timestamp":"2025-01-12T07:39:35.698Z"}
{"level":"info","message":"Server is running on port 3000","timestamp":"2025-01-12T07:39:35.701Z"}
{"level":"info","message":"Deleting article with seq: 4","timestamp":"2025-01-12T07:40:19.171Z"}
{"level":"info","message":"Article deleted successfully: 4","timestamp":"2025-01-12T07:40:19.177Z"}
{"level":"info","message":"Processing article from URL: https://yozm.wishket.com/magazine/detail/2735/","timestamp":"2025-01-12T07:40:23.790Z"}
{"level":"info","message":"Article saved successfully: “기획자는 원래 혼자 성장해야 하나요?” | 요즘IT","timestamp":"2025-01-12T07:40:27.634Z"}
{"level":"info","message":"Processing article from URL: https://yozm.wishket.com/magazine/detail/2923/","timestamp":"2025-01-12T07:40:43.258Z"}
{"level":"info","message":"Article saved successfully: 2025년 이커머스 쇼핑 경험은 어떻게 달라질까? | 요즘IT","timestamp":"2025-01-12T07:40:49.759Z"}
{"level":"info","message":"Processing article from URL: https://yozm.wishket.com/magazine/detail/2906/","timestamp":"2025-01-12T07:41:01.929Z"}
{"level":"info","message":"Article saved successfully: CPO에게 신탁을 의뢰하지 마세요 | 요즘IT","timestamp":"2025-01-12T07:41:12.242Z"}
{"level":"info","message":"Processing article from URL: https://yozm.wishket.com/magazine/detail/2899/","timestamp":"2025-01-12T07:41:15.022Z"}
{"level":"info","message":"Article saved successfully: 요즘IT에 쓰는 100번째 글: “나도 개발자가 읽는 글을 쓰고 싶다!” | 요즘IT","timestamp":"2025-01-12T07:41:19.449Z"}
